[debug] [2024-01-15T17:36:54.564Z] ----------------------------------------------------------------------
[debug] [2024-01-15T17:36:54.568Z] Command:       C:\Program Files\nodejs\node.exe C:\Users\Adil Alam\AppData\Roaming\npm\node_modules\firebase-tools\lib\bin\firebase.js init
[debug] [2024-01-15T17:36:54.568Z] CLI Version:   13.0.3
[debug] [2024-01-15T17:36:54.569Z] Platform:      win32
[debug] [2024-01-15T17:36:54.569Z] Node Version:  v18.17.1
[debug] [2024-01-15T17:36:54.582Z] Time:          Mon Jan 15 2024 23:06:54 GMT+0530 (India Standard Time)
[debug] [2024-01-15T17:36:54.582Z] ----------------------------------------------------------------------
[debug] 
[debug] [2024-01-15T17:36:54.718Z] > command requires scopes: ["email","openid","https://www.googleapis.com/auth/cloudplatformprojects.readonly","https://www.googleapis.com/auth/firebase","https://www.googleapis.com/auth/cloud-platform"]
[debug] [2024-01-15T17:36:54.719Z] > authorizing via signed-in user (adilsqe13@gmail.com)
[info] 
     ######## #### ########  ######## ########     ###     ######  ########
     ##        ##  ##     ## ##       ##     ##  ##   ##  ##       ##
     ######    ##  ########  ######   ########  #########  ######  ######
     ##        ##  ##    ##  ##       ##     ## ##     ##       ## ##
     ##       #### ##     ## ######## ########  ##     ##  ######  ########

You're about to initialize a Firebase project in this directory:

  C:\Users\Adil Alam\Desktop\Sales-App\Sales_App_Client

Before we get started, keep in mind:

  * You are initializing within an existing Firebase project directory

